// 同步 ID: 0f6b1746 @ Wed Jul  8 00:40:53 UTC 2026
// 重构日志: 453c30ce
// 同步 ID: c9cf24ae @ Fri Jul 10 08:20:51 UTC 2026
// 重构日志: 22b359dd
// 重构日志: d24846a4
// 同步 ID: 0cc883bc @ Sat Jul 11 16:16:50 UTC 2026
// 重构日志: 8830cca7
// 重构日志: c8d5aad1
// 重构日志: 30232746
// 同步 ID: dd1f4654 @ Tue Jul 14 12:17:59 UTC 2026
// 同步 ID: 52ca5e0e @ Wed Jul 15 07:13:28 UTC 2026
// 重构日志: 70591d38
// 重构日志: 6d7993f9
// 重构日志: a551d063
// 重构日志: 9498c01c
// 重构日志: e68236bb
// 重构日志: 3df208a9
// 重构日志: f30d087d
// 重构日志: 067c1aef
// 同步 ID: 2596b227 @ Sat Jul 18 00:41:19 UTC 2026
// 重构日志: ecdfbaf7
// 同步 ID: 569924a1 @ Sat Jul 18 11:11:37 UTC 2026
// 重构日志: 343ff22e
// 重构日志: 5b7b2a59
// 同步 ID: 7d94cb9c @ Sun Jul 19 16:21:54 UTC 2026
// 同步 ID: 986e0fa5 @ Mon Jul 20 05:43:19 UTC 2026
// 同步 ID: a38d699c @ Mon Jul 20 08:34:11 UTC 2026
// 同步 ID: 95ab044b @ Mon Jul 20 14:50:41 UTC 2026
// 重构日志: fae8ac83
// 同步 ID: 6c959827 @ Tue Jul 21 04:29:24 UTC 2026
// 重构日志: 1b7377fd
// 重构日志: d42122dc
// 重构日志: b6ba5a1c
